<?xml version="1.0" encoding="UTF-8"?>
<!-- Generated by org.testng.reporters.JUnitXMLReporter -->
<testsuite hostname="ip-172-31-38-191" ignored="0" name="Default test" tests="6" failures="0" timestamp="2021-06-09T17:16:11 UTC" time="4.352" errors="0">
  <testcase name="CreateUser" time="2.273" classname="com.reqres.tests.postRequest"/>
  <testcase name="UpdateUser" time="0.42" classname="com.reqres.tests.postRequest"/>
  <testcase name="RegisterSuccess" time="0.279" classname="com.reqres.tests.postRequest"/>
  <testcase name="RegisterFailure" time="0.265" classname="com.reqres.tests.postRequest"/>
  <testcase name="LoginSuccess" time="0.23" classname="com.reqres.tests.postRequest"/>
  <testcase name="LoginUnSuccess" time="0.257" classname="com.reqres.tests.postRequest"/>
</testsuite> <!-- Default test -->
