<?xml version="1.0" encoding="UTF-8"?>
<!-- Generated by org.testng.reporters.JUnitXMLReporter -->
<testsuite hostname="ip-172-31-38-191" ignored="0" name="Test" tests="7" failures="0" timestamp="2021-06-09T15:51:28 UTC" time="163.831" errors="0">
  <testcase name="test_Home_Page_User_Correct" time="0.471" classname="com.testcases.testLogin"/>
  <testcase name="test_Home_Page_AdminUser_Correct" time="0.449" classname="com.testcases.testLogin"/>
  <testcase name="test_Create_User_Correct" time="5.618" classname="com.testcases.createUser"/>
  <testcase name="test_search_Page_User_Correct" time="8.725" classname="com.testcases.testsearchPage"/>
  <testcase name="test_sales_Page_User_Correct" time="24.658" classname="com.testcases.testSalesPage"/>
  <testcase name="test_all_Pages_User_Correct" time="18.185" classname="com.testcases.testAllpagesUser"/>
  <testcase name="test_all_Pages_Admin_Correct" time="86.855" classname="com.testcases.testallpagesAdmin"/>
</testsuite> <!-- Test -->
